Lab1.out:     file format elf64-x86-64


Disassembly of section .init:

0000000000400460 <_init>:
  400460:	48 83 ec 08          	sub    $0x8,%rsp
  400464:	48 8b 05 8d 0b 20 00 	mov    0x200b8d(%rip),%rax        # 600ff8 <_DYNAMIC+0x1d0>
  40046b:	48 85 c0             	test   %rax,%rax
  40046e:	74 05                	je     400475 <_init+0x15>
  400470:	e8 5b 00 00 00       	callq  4004d0 <__libc_start_main@plt+0x10>
  400475:	48 83 c4 08          	add    $0x8,%rsp
  400479:	c3                   	retq   

Disassembly of section .plt:

0000000000400480 <puts@plt-0x10>:
  400480:	ff 35 82 0b 20 00    	pushq  0x200b82(%rip)        # 601008 <_GLOBAL_OFFSET_TABLE_+0x8>
  400486:	ff 25 84 0b 20 00    	jmpq   *0x200b84(%rip)        # 601010 <_GLOBAL_OFFSET_TABLE_+0x10>
  40048c:	0f 1f 40 00          	nopl   0x0(%rax)

0000000000400490 <puts@plt>:
  400490:	ff 25 82 0b 20 00    	jmpq   *0x200b82(%rip)        # 601018 <_GLOBAL_OFFSET_TABLE_+0x18>
  400496:	68 00 00 00 00       	pushq  $0x0
  40049b:	e9 e0 ff ff ff       	jmpq   400480 <_init+0x20>

00000000004004a0 <__stack_chk_fail@plt>:
  4004a0:	ff 25 7a 0b 20 00    	jmpq   *0x200b7a(%rip)        # 601020 <_GLOBAL_OFFSET_TABLE_+0x20>
  4004a6:	68 01 00 00 00       	pushq  $0x1
  4004ab:	e9 d0 ff ff ff       	jmpq   400480 <_init+0x20>

00000000004004b0 <printf@plt>:
  4004b0:	ff 25 72 0b 20 00    	jmpq   *0x200b72(%rip)        # 601028 <_GLOBAL_OFFSET_TABLE_+0x28>
  4004b6:	68 02 00 00 00       	pushq  $0x2
  4004bb:	e9 c0 ff ff ff       	jmpq   400480 <_init+0x20>

00000000004004c0 <__libc_start_main@plt>:
  4004c0:	ff 25 6a 0b 20 00    	jmpq   *0x200b6a(%rip)        # 601030 <_GLOBAL_OFFSET_TABLE_+0x30>
  4004c6:	68 03 00 00 00       	pushq  $0x3
  4004cb:	e9 b0 ff ff ff       	jmpq   400480 <_init+0x20>

Disassembly of section .plt.got:

00000000004004d0 <.plt.got>:
  4004d0:	ff 25 22 0b 20 00    	jmpq   *0x200b22(%rip)        # 600ff8 <_DYNAMIC+0x1d0>
  4004d6:	66 90                	xchg   %ax,%ax

Disassembly of section .text:

00000000004004e0 <_start>:
  4004e0:	31 ed                	xor    %ebp,%ebp
  4004e2:	49 89 d1             	mov    %rdx,%r9
  4004e5:	5e                   	pop    %rsi
  4004e6:	48 89 e2             	mov    %rsp,%rdx
  4004e9:	48 83 e4 f0          	and    $0xfffffffffffffff0,%rsp
  4004ed:	50                   	push   %rax
  4004ee:	54                   	push   %rsp
  4004ef:	49 c7 c0 40 07 40 00 	mov    $0x400740,%r8
  4004f6:	48 c7 c1 d0 06 40 00 	mov    $0x4006d0,%rcx
  4004fd:	48 c7 c7 d6 05 40 00 	mov    $0x4005d6,%rdi
  400504:	e8 b7 ff ff ff       	callq  4004c0 <__libc_start_main@plt>
  400509:	f4                   	hlt    
  40050a:	66 0f 1f 44 00 00    	nopw   0x0(%rax,%rax,1)

0000000000400510 <deregister_tm_clones>:
  400510:	b8 4f 10 60 00       	mov    $0x60104f,%eax
  400515:	55                   	push   %rbp
  400516:	48 2d 48 10 60 00    	sub    $0x601048,%rax
  40051c:	48 83 f8 0e          	cmp    $0xe,%rax
  400520:	48 89 e5             	mov    %rsp,%rbp
  400523:	76 1b                	jbe    400540 <deregister_tm_clones+0x30>
  400525:	b8 00 00 00 00       	mov    $0x0,%eax
  40052a:	48 85 c0             	test   %rax,%rax
  40052d:	74 11                	je     400540 <deregister_tm_clones+0x30>
  40052f:	5d                   	pop    %rbp
  400530:	bf 48 10 60 00       	mov    $0x601048,%edi
  400535:	ff e0                	jmpq   *%rax
  400537:	66 0f 1f 84 00 00 00 	nopw   0x0(%rax,%rax,1)
  40053e:	00 00 
  400540:	5d                   	pop    %rbp
  400541:	c3                   	retq   
  400542:	0f 1f 40 00          	nopl   0x0(%rax)
  400546:	66 2e 0f 1f 84 00 00 	nopw   %cs:0x0(%rax,%rax,1)
  40054d:	00 00 00 

0000000000400550 <register_tm_clones>:
  400550:	be 48 10 60 00       	mov    $0x601048,%esi
  400555:	55                   	push   %rbp
  400556:	48 81 ee 48 10 60 00 	sub    $0x601048,%rsi
  40055d:	48 c1 fe 03          	sar    $0x3,%rsi
  400561:	48 89 e5             	mov    %rsp,%rbp
  400564:	48 89 f0             	mov    %rsi,%rax
  400567:	48 c1 e8 3f          	shr    $0x3f,%rax
  40056b:	48 01 c6             	add    %rax,%rsi
  40056e:	48 d1 fe             	sar    %rsi
  400571:	74 15                	je     400588 <register_tm_clones+0x38>
  400573:	b8 00 00 00 00       	mov    $0x0,%eax
  400578:	48 85 c0             	test   %rax,%rax
  40057b:	74 0b                	je     400588 <register_tm_clones+0x38>
  40057d:	5d                   	pop    %rbp
  40057e:	bf 48 10 60 00       	mov    $0x601048,%edi
  400583:	ff e0                	jmpq   *%rax
  400585:	0f 1f 00             	nopl   (%rax)
  400588:	5d                   	pop    %rbp
  400589:	c3                   	retq   
  40058a:	66 0f 1f 44 00 00    	nopw   0x0(%rax,%rax,1)

0000000000400590 <__do_global_dtors_aux>:
  400590:	80 3d b1 0a 20 00 00 	cmpb   $0x0,0x200ab1(%rip)        # 601048 <__TMC_END__>
  400597:	75 11                	jne    4005aa <__do_global_dtors_aux+0x1a>
  400599:	55                   	push   %rbp
  40059a:	48 89 e5             	mov    %rsp,%rbp
  40059d:	e8 6e ff ff ff       	callq  400510 <deregister_tm_clones>
  4005a2:	5d                   	pop    %rbp
  4005a3:	c6 05 9e 0a 20 00 01 	movb   $0x1,0x200a9e(%rip)        # 601048 <__TMC_END__>
  4005aa:	f3 c3                	repz retq 
  4005ac:	0f 1f 40 00          	nopl   0x0(%rax)

00000000004005b0 <frame_dummy>:
  4005b0:	bf 20 0e 60 00       	mov    $0x600e20,%edi
  4005b5:	48 83 3f 00          	cmpq   $0x0,(%rdi)
  4005b9:	75 05                	jne    4005c0 <frame_dummy+0x10>
  4005bb:	eb 93                	jmp    400550 <register_tm_clones>
  4005bd:	0f 1f 00             	nopl   (%rax)
  4005c0:	b8 00 00 00 00       	mov    $0x0,%eax
  4005c5:	48 85 c0             	test   %rax,%rax
  4005c8:	74 f1                	je     4005bb <frame_dummy+0xb>
  4005ca:	55                   	push   %rbp
  4005cb:	48 89 e5             	mov    %rsp,%rbp
  4005ce:	ff d0                	callq  *%rax
  4005d0:	5d                   	pop    %rbp
  4005d1:	e9 7a ff ff ff       	jmpq   400550 <register_tm_clones>

00000000004005d6 <main>:
  4005d6:	55                   	push   %rbp
  4005d7:	48 89 e5             	mov    %rsp,%rbp
  4005da:	48 83 ec 20          	sub    $0x20,%rsp
  4005de:	89 7d ec             	mov    %edi,-0x14(%rbp)
  4005e1:	48 89 75 e0          	mov    %rsi,-0x20(%rbp)
  4005e5:	64 48 8b 04 25 28 00 	mov    %fs:0x28,%rax
  4005ec:	00 00 
  4005ee:	48 89 45 f8          	mov    %rax,-0x8(%rbp)
  4005f2:	31 c0                	xor    %eax,%eax
  4005f4:	c7 45 f4 64 00 00 00 	movl   $0x64,-0xc(%rbp)
  4005fb:	8b 45 f4             	mov    -0xc(%rbp),%eax
  4005fe:	89 c6                	mov    %eax,%esi
  400600:	bf 58 07 40 00       	mov    $0x400758,%edi
  400605:	b8 00 00 00 00       	mov    $0x0,%eax
  40060a:	e8 a1 fe ff ff       	callq  4004b0 <printf@plt>
  40060f:	48 8d 45 f4          	lea    -0xc(%rbp),%rax
  400613:	48 89 c7             	mov    %rax,%rdi
  400616:	e8 25 00 00 00       	callq  400640 <outputPrimeFactor>
  40061b:	bf 79 07 40 00       	mov    $0x400779,%edi
  400620:	e8 6b fe ff ff       	callq  400490 <puts@plt>
  400625:	b8 00 00 00 00       	mov    $0x0,%eax
  40062a:	48 8b 55 f8          	mov    -0x8(%rbp),%rdx
  40062e:	64 48 33 14 25 28 00 	xor    %fs:0x28,%rdx
  400635:	00 00 
  400637:	74 05                	je     40063e <main+0x68>
  400639:	e8 62 fe ff ff       	callq  4004a0 <__stack_chk_fail@plt>
  40063e:	c9                   	leaveq 
  40063f:	c3                   	retq   

0000000000400640 <outputPrimeFactor>:
  400640:	55                   	push   %rbp
  400641:	48 89 e5             	mov    %rsp,%rbp
  400644:	48 83 ec 20          	sub    $0x20,%rsp
  400648:	48 89 7d e8          	mov    %rdi,-0x18(%rbp)
  40064c:	c7 45 fc 02 00 00 00 	movl   $0x2,-0x4(%rbp)
  400653:	eb 5e                	jmp    4006b3 <outputPrimeFactor+0x73>
  400655:	48 8b 45 e8          	mov    -0x18(%rbp),%rax
  400659:	8b 00                	mov    (%rax),%eax
  40065b:	99                   	cltd   
  40065c:	f7 7d fc             	idivl  -0x4(%rbp)
  40065f:	89 c2                	mov    %eax,%edx
  400661:	48 8b 45 e8          	mov    -0x18(%rbp),%rax
  400665:	89 10                	mov    %edx,(%rax)
  400667:	48 8b 45 e8          	mov    -0x18(%rbp),%rax
  40066b:	8b 00                	mov    (%rax),%eax
  40066d:	99                   	cltd   
  40066e:	f7 7d fc             	idivl  -0x4(%rbp)
  400671:	85 c0                	test   %eax,%eax
  400673:	7e 16                	jle    40068b <outputPrimeFactor+0x4b>
  400675:	8b 45 fc             	mov    -0x4(%rbp),%eax
  400678:	89 c6                	mov    %eax,%esi
  40067a:	bf 7b 07 40 00       	mov    $0x40077b,%edi
  40067f:	b8 00 00 00 00       	mov    $0x0,%eax
  400684:	e8 27 fe ff ff       	callq  4004b0 <printf@plt>
  400689:	eb 14                	jmp    40069f <outputPrimeFactor+0x5f>
  40068b:	8b 45 fc             	mov    -0x4(%rbp),%eax
  40068e:	89 c6                	mov    %eax,%esi
  400690:	bf 81 07 40 00       	mov    $0x400781,%edi
  400695:	b8 00 00 00 00       	mov    $0x0,%eax
  40069a:	e8 11 fe ff ff       	callq  4004b0 <printf@plt>
  40069f:	48 8b 45 e8          	mov    -0x18(%rbp),%rax
  4006a3:	8b 00                	mov    (%rax),%eax
  4006a5:	99                   	cltd   
  4006a6:	f7 7d fc             	idivl  -0x4(%rbp)
  4006a9:	89 d0                	mov    %edx,%eax
  4006ab:	85 c0                	test   %eax,%eax
  4006ad:	74 a6                	je     400655 <outputPrimeFactor+0x15>
  4006af:	83 45 fc 01          	addl   $0x1,-0x4(%rbp)
  4006b3:	48 8b 45 e8          	mov    -0x18(%rbp),%rax
  4006b7:	8b 00                	mov    (%rax),%eax
  4006b9:	3b 45 fc             	cmp    -0x4(%rbp),%eax
  4006bc:	7d e1                	jge    40069f <outputPrimeFactor+0x5f>
  4006be:	90                   	nop
  4006bf:	c9                   	leaveq 
  4006c0:	c3                   	retq   
  4006c1:	66 2e 0f 1f 84 00 00 	nopw   %cs:0x0(%rax,%rax,1)
  4006c8:	00 00 00 
  4006cb:	0f 1f 44 00 00       	nopl   0x0(%rax,%rax,1)

00000000004006d0 <__libc_csu_init>:
  4006d0:	41 57                	push   %r15
  4006d2:	41 56                	push   %r14
  4006d4:	41 89 ff             	mov    %edi,%r15d
  4006d7:	41 55                	push   %r13
  4006d9:	41 54                	push   %r12
  4006db:	4c 8d 25 2e 07 20 00 	lea    0x20072e(%rip),%r12        # 600e10 <__frame_dummy_init_array_entry>
  4006e2:	55                   	push   %rbp
  4006e3:	48 8d 2d 2e 07 20 00 	lea    0x20072e(%rip),%rbp        # 600e18 <__init_array_end>
  4006ea:	53                   	push   %rbx
  4006eb:	49 89 f6             	mov    %rsi,%r14
  4006ee:	49 89 d5             	mov    %rdx,%r13
  4006f1:	4c 29 e5             	sub    %r12,%rbp
  4006f4:	48 83 ec 08          	sub    $0x8,%rsp
  4006f8:	48 c1 fd 03          	sar    $0x3,%rbp
  4006fc:	e8 5f fd ff ff       	callq  400460 <_init>
  400701:	48 85 ed             	test   %rbp,%rbp
  400704:	74 20                	je     400726 <__libc_csu_init+0x56>
  400706:	31 db                	xor    %ebx,%ebx
  400708:	0f 1f 84 00 00 00 00 	nopl   0x0(%rax,%rax,1)
  40070f:	00 
  400710:	4c 89 ea             	mov    %r13,%rdx
  400713:	4c 89 f6             	mov    %r14,%rsi
  400716:	44 89 ff             	mov    %r15d,%edi
  400719:	41 ff 14 dc          	callq  *(%r12,%rbx,8)
  40071d:	48 83 c3 01          	add    $0x1,%rbx
  400721:	48 39 eb             	cmp    %rbp,%rbx
  400724:	75 ea                	jne    400710 <__libc_csu_init+0x40>
  400726:	48 83 c4 08          	add    $0x8,%rsp
  40072a:	5b                   	pop    %rbx
  40072b:	5d                   	pop    %rbp
  40072c:	41 5c                	pop    %r12
  40072e:	41 5d                	pop    %r13
  400730:	41 5e                	pop    %r14
  400732:	41 5f                	pop    %r15
  400734:	c3                   	retq   
  400735:	90                   	nop
  400736:	66 2e 0f 1f 84 00 00 	nopw   %cs:0x0(%rax,%rax,1)
  40073d:	00 00 00 

0000000000400740 <__libc_csu_fini>:
  400740:	f3 c3                	repz retq 

Disassembly of section .fini:

0000000000400744 <_fini>:
  400744:	48 83 ec 08          	sub    $0x8,%rsp
  400748:	48 83 c4 08          	add    $0x8,%rsp
  40074c:	c3                   	retq  